<?xml version="1.0" encoding="UTF-8"?>
<!-- Generated by org.testng.reporters.JUnitReportReporter -->
<testsuite hostname="LAPTOP-Q9ETQ0J0" failures="0" tests="2" name="tests.Getmethod" time="2.409" errors="0" timestamp="2024-10-11T12:46:20 IST" skipped="0">
  <testcase classname="tests.Getmethod" name="test_2" time="0.824"/>
  <testcase classname="tests.Getmethod" name="getmethod" time="1.585"/>
</testsuite> <!-- tests.Getmethod -->
