<?xml version="1.0" encoding="UTF-8"?>
<!-- Generated by org.testng.reporters.JUnitReportReporter -->
<testsuite hostname="LAPTOP-Q9ETQ0J0" failures="0" tests="4" name="tests.GetAndPostExamples" time="2.964" errors="0" timestamp="2024-10-11T15:02:30 IST" skipped="0">
  <testcase classname="tests.GetAndPostExamples" name="testPostReqBodyWithMap" time="0.003"/>
  <testcase classname="tests.GetAndPostExamples" name="testpostcall" time="0.682"/>
  <testcase classname="tests.GetAndPostExamples" name="testGet" time="2.278"/>
  <testcase classname="tests.GetAndPostExamples" name="testPostReqBodyWithoutMAP" time="0.001"/>
</testsuite> <!-- tests.GetAndPostExamples -->
