<?xml version="1.0" encoding="UTF-8"?>
<!-- Generated by org.testng.reporters.JUnitReportReporter -->
<testsuite hostname="LAPTOP-Q9ETQ0J0" failures="0" tests="3" name="tests.PutPatchDelete" time="3.532" errors="0" timestamp="2024-10-11T15:05:50 IST" skipped="0">
  <testcase classname="tests.PutPatchDelete" name="testput" time="0.696"/>
  <testcase classname="tests.PutPatchDelete" name="testpatch" time="0.681"/>
  <testcase classname="tests.PutPatchDelete" name="testDelete" time="2.155"/>
</testsuite> <!-- tests.PutPatchDelete -->
