<?xml version="1.0" encoding="UTF-8"?>
<!-- Generated by org.testng.reporters.JUnitReportReporter -->
<testsuite hostname="LAPTOP-Q9ETQ0J0" failures="0" tests="4" name="restassuredwithoutBDD.GetAndPostExamples" time="2.425" errors="0" timestamp="2024-10-14T13:54:32 IST" skipped="0">
  <testcase classname="restassuredwithoutBDD.GetAndPostExamples" name="testGet" time="1.976"/>
  <testcase classname="restassuredwithoutBDD.GetAndPostExamples" name="testPostReqBodyWithMap" time="0.004"/>
  <testcase classname="restassuredwithoutBDD.GetAndPostExamples" name="testpostcall" time="0.443"/>
  <testcase classname="restassuredwithoutBDD.GetAndPostExamples" name="testPostReqBodyWithoutMAP" time="0.002"/>
</testsuite> <!-- restassuredwithoutBDD.GetAndPostExamples -->
