<?xml version="1.0" encoding="UTF-8"?>
<!-- Generated by org.testng.reporters.JUnitReportReporter -->
<testsuite hostname="LAPTOP-Q9ETQ0J0" failures="0" tests="1" name="tests.Tests" time="2.323" errors="0" timestamp="2024-10-11T10:35:18 IST" skipped="0">
  <testcase classname="tests.Tests" name="verifyGetAPI" time="2.323"/>
</testsuite> <!-- tests.Tests -->
